
[2015-04-10 16:43:51,278] - DEBUG - 线程池类初始化完成
[2015-04-10 16:43:51,279] - DEBUG - 生产者初始化完成
[2015-04-10 16:43:51,279] - DEBUG - 主函数生产者灌入等待2S
[2015-04-10 16:43:51,331] - INFO - 任务队列添加: doJob 参数: {'strr': 'test', 'id': 0}
[2015-04-10 16:43:51,386] - INFO - 任务队列添加: doJob 参数: {'strr': 'test', 'id': 1}
[2015-04-10 16:43:51,440] - INFO - 任务队列添加: doJob 参数: {'strr': 'test', 'id': 2}
[2015-04-10 16:43:51,495] - INFO - 任务队列添加: doJob 参数: {'strr': 'test', 'id': 3}
[2015-04-10 16:43:51,549] - INFO - 任务队列添加: doJob 参数: {'strr': 'test', 'id': 4}
[2015-04-10 16:43:51,602] - INFO - 任务队列添加: doJob 参数: {'strr': 'test', 'id': 5}
[2015-04-10 16:43:51,655] - INFO - 任务队列添加: doJob 参数: {'strr': 'test', 'id': 6}
[2015-04-10 16:43:51,706] - INFO - 任务队列添加: doJob 参数: {'strr': 'test', 'id': 7}
[2015-04-10 16:43:51,760] - INFO - 任务队列添加: doJob 参数: {'strr': 'test', 'id': 8}
[2015-04-10 16:43:51,814] - INFO - 任务队列添加: doJob 参数: {'strr': 'test', 'id': 9}
[2015-04-10 16:43:51,865] - INFO - 任务队列添加: doJob 参数: {'strr': 'test', 'id': 10}
[2015-04-10 16:43:51,919] - INFO - 任务队列添加: doJob 参数: {'strr': 'test', 'id': 11}
[2015-04-10 16:43:51,970] - INFO - 任务队列添加: doJob 参数: {'strr': 'test', 'id': 12}
[2015-04-10 16:43:52,025] - INFO - 任务队列添加: doJob 参数: {'strr': 'test', 'id': 13}
[2015-04-10 16:43:52,078] - INFO - 任务队列添加: doJob 参数: {'strr': 'test', 'id': 14}
[2015-04-10 16:43:52,133] - INFO - 任务队列添加: doJob 参数: {'strr': 'test', 'id': 15}
[2015-04-10 16:43:52,188] - INFO - 任务队列添加: doJob 参数: {'strr': 'test', 'id': 16}
[2015-04-10 16:43:52,239] - INFO - 任务队列添加: doJob 参数: {'strr': 'test', 'id': 17}
[2015-04-10 16:43:52,281] - INFO - 任务数量: 18
[2015-04-10 16:43:52,292] - DEBUG - 线程ID: 0 初始化完成
[2015-04-10 16:43:52,292] - INFO - 任务队列添加: doJob 参数: {'strr': 'test', 'id': 18}
[2015-04-10 16:43:52,305] - INFO - 函数: doJob 参数: {'strr': 'test', 'id': 18}, 现在任务处理线程ID: 0
[2015-04-10 16:43:52,305] - DEBUG - 线程ID: 1 初始化完成
[2015-04-10 16:43:52,317] - INFO - 函数: doJob 参数: {'strr': 'test', 'id': 18}, 现在任务处理线程ID: 1
[2015-04-10 16:43:52,317] - DEBUG - 线程ID: 2 初始化完成
[2015-04-10 16:43:52,329] - DEBUG - 线程ID: 3 初始化完成
[2015-04-10 16:43:52,329] - INFO - 函数: doJob 参数: {'strr': 'test', 'id': 18}, 现在任务处理线程ID: 2
[2015-04-10 16:43:52,342] - INFO - 函数: doJob 参数: {'strr': 'test', 'id': 18}, 现在任务处理线程ID: 3
[2015-04-10 16:43:52,343] - INFO - 队列不为空,线程资源耗尽等待运行线程执行完毕
[2015-04-10 16:43:52,343] - INFO - 任务队列添加: doJob 参数: {'strr': 'test', 'id': 19}
[2015-04-10 16:43:52,344] - DEBUG - 生产者队列长度暂时为: 16
[2015-04-10 16:43:52,855] - DEBUG - 线程ID: 4 初始化完成
[2015-04-10 16:43:52,868] - INFO - 函数: doJob 参数: {'strr': 'test', 'id': 19}, 现在任务处理线程ID: 4
[2015-04-10 16:43:52,868] - INFO - 队列不为空,线程资源耗尽等待运行线程执行完毕
[2015-04-10 16:43:53,384] - INFO - 队列不为空,线程资源耗尽等待运行线程执行完毕
[2015-04-10 16:43:53,430] - INFO - 函数: doJob 参数: {'strr': 'test', 'id': 19}, 任务处理线程ID: 2 任务完成
[2015-04-10 16:43:53,442] - INFO - 函数: doJob 参数: {'strr': 'test', 'id': 19}, 现在任务处理线程ID: 2
[2015-04-10 16:43:53,900] - INFO - 队列不为空,线程资源耗尽等待运行线程执行完毕
[2015-04-10 16:43:54,417] - INFO - 队列不为空,线程资源耗尽等待运行线程执行完毕
[2015-04-10 16:43:54,650] - INFO - 函数: doJob 参数: {'strr': 'test', 'id': 19}, 任务处理线程ID: 3 任务完成
[2015-04-10 16:43:54,661] - INFO - 函数: doJob 参数: {'strr': 'test', 'id': 19}, 现在任务处理线程ID: 3
[2015-04-10 16:43:54,929] - INFO - 队列不为空,线程资源耗尽等待运行线程执行完毕
[2015-04-10 16:43:54,977] - INFO - 函数: doJob 参数: {'strr': 'test', 'id': 19}, 任务处理线程ID: 0 任务完成
[2015-04-10 16:43:54,988] - INFO - 函数: doJob 参数: {'strr': 'test', 'id': 19}, 现在任务处理线程ID: 0
[2015-04-10 16:43:55,443] - INFO - 队列不为空,线程资源耗尽等待运行线程执行完毕
[2015-04-10 16:43:55,810] - INFO - 函数: doJob 参数: {'strr': 'test', 'id': 19}, 任务处理线程ID: 1 任务完成
[2015-04-10 16:43:55,821] - INFO - 函数: doJob 参数: {'strr': 'test', 'id': 19}, 现在任务处理线程ID: 1
[2015-04-10 16:43:55,955] - INFO - 队列不为空,线程资源耗尽等待运行线程执行完毕
[2015-04-10 16:43:56,472] - INFO - 队列不为空,线程资源耗尽等待运行线程执行完毕
[2015-04-10 16:43:56,824] - INFO - 函数: doJob 参数: {'strr': 'test', 'id': 19}, 任务处理线程ID: 2 任务完成
[2015-04-10 16:43:56,834] - INFO - 函数: doJob 参数: {'strr': 'test', 'id': 19}, 现在任务处理线程ID: 2
[2015-04-10 16:43:56,985] - INFO - 队列不为空,线程资源耗尽等待运行线程执行完毕
[2015-04-10 16:43:57,331] - INFO - 函数: doJob 参数: {'strr': 'test', 'id': 19}, 任务处理线程ID: 1 任务完成
[2015-04-10 16:43:57,343] - INFO - 函数: doJob 参数: {'strr': 'test', 'id': 19}, 现在任务处理线程ID: 1
[2015-04-10 16:43:57,499] - INFO - 队列不为空,线程资源耗尽等待运行线程执行完毕
[2015-04-10 16:43:57,656] - INFO - 函数: doJob 参数: {'strr': 'test', 'id': 19}, 任务处理线程ID: 3 任务完成
[2015-04-10 16:43:57,668] - INFO - 函数: doJob 参数: {'strr': 'test', 'id': 19}, 现在任务处理线程ID: 3
[2015-04-10 16:43:57,691] - INFO - 函数: doJob 参数: {'strr': 'test', 'id': 19}, 任务处理线程ID: 4 任务完成
[2015-04-10 16:43:57,702] - INFO - 函数: doJob 参数: {'strr': 'test', 'id': 19}, 现在任务处理线程ID: 4
[2015-04-10 16:43:58,016] - INFO - 队列不为空,线程资源耗尽等待运行线程执行完毕
[2015-04-10 16:43:58,093] - INFO - 函数: doJob 参数: {'strr': 'test', 'id': 19}, 任务处理线程ID: 0 任务完成
[2015-04-10 16:43:58,104] - INFO - 函数: doJob 参数: {'strr': 'test', 'id': 19}, 现在任务处理线程ID: 0
[2015-04-10 16:43:58,530] - INFO - 队列不为空,线程资源耗尽等待运行线程执行完毕
[2015-04-10 16:43:59,046] - INFO - 队列不为空,线程资源耗尽等待运行线程执行完毕
[2015-04-10 16:43:59,560] - INFO - 队列不为空,线程资源耗尽等待运行线程执行完毕
[2015-04-10 16:43:59,607] - INFO - 函数: doJob 参数: {'strr': 'test', 'id': 19}, 任务处理线程ID: 3 任务完成
[2015-04-10 16:43:59,619] - INFO - 函数: doJob 参数: {'strr': 'test', 'id': 19}, 现在任务处理线程ID: 3
[2015-04-10 16:44:00,077] - INFO - 队列不为空,线程资源耗尽等待运行线程执行完毕
[2015-04-10 16:44:00,314] - INFO - 函数: doJob 参数: {'strr': 'test', 'id': 19}, 任务处理线程ID: 4 任务完成
[2015-04-10 16:44:00,326] - INFO - 函数: doJob 参数: {'strr': 'test', 'id': 19}, 现在任务处理线程ID: 4
[2015-04-10 16:44:00,593] - INFO - 队列不为空,线程资源耗尽等待运行线程执行完毕
[2015-04-10 16:44:00,802] - INFO - 函数: doJob 参数: {'strr': 'test', 'id': 19}, 任务处理线程ID: 2 任务完成
[2015-04-10 16:44:00,815] - INFO - 函数: doJob 参数: {'strr': 'test', 'id': 19}, 现在任务处理线程ID: 2
[2015-04-10 16:44:01,071] - INFO - 函数: doJob 参数: {'strr': 'test', 'id': 19}, 任务处理线程ID: 1 任务完成
[2015-04-10 16:44:01,082] - INFO - 函数: doJob 参数: {'strr': 'test', 'id': 19}, 现在任务处理线程ID: 1
[2015-04-10 16:44:01,105] - INFO - 队列不为空,线程资源耗尽等待运行线程执行完毕
[2015-04-10 16:44:01,618] - INFO - 队列不为空,线程资源耗尽等待运行线程执行完毕
[2015-04-10 16:44:02,133] - INFO - 队列不为空,线程资源耗尽等待运行线程执行完毕
[2015-04-10 16:44:02,197] - INFO - 函数: doJob 参数: {'strr': 'test', 'id': 19}, 任务处理线程ID: 1 任务完成
[2015-04-10 16:44:02,208] - INFO - 函数: doJob 参数: {'strr': 'test', 'id': 19}, 现在任务处理线程ID: 1
[2015-04-10 16:44:02,277] - INFO - 函数: doJob 参数: {'strr': 'test', 'id': 19}, 任务处理线程ID: 3 任务完成
[2015-04-10 16:44:02,289] - INFO - 函数: doJob 参数: {'strr': 'test', 'id': 19}, 现在任务处理线程ID: 3
[2015-04-10 16:44:02,650] - INFO - 队列为空,等待队列添加...
[2015-04-10 16:44:02,967] - INFO - 函数: doJob 参数: {'strr': 'test', 'id': 19}, 任务处理线程ID: 0 任务完成
[2015-04-10 16:44:03,163] - INFO - 队列为空,等待队列添加...
[2015-04-10 16:44:03,680] - INFO - 队列为空,等待队列添加...
[2015-04-10 16:44:03,887] - INFO - 函数: doJob 参数: {'strr': 'test', 'id': 19}, 任务处理线程ID: 2 任务完成
[2015-04-10 16:44:03,925] - INFO - 函数: doJob 参数: {'strr': 'test', 'id': 19}, 任务处理线程ID: 1 任务完成
[2015-04-10 16:44:04,192] - INFO - 队列为空,等待队列添加...
[2015-04-10 16:44:04,707] - INFO - 队列为空,等待队列添加...
[2015-04-10 16:44:04,773] - INFO - 函数: doJob 参数: {'strr': 'test', 'id': 19}, 任务处理线程ID: 4 任务完成
[2015-04-10 16:44:05,225] - INFO - 队列为空,等待队列添加...
[2015-04-10 16:44:05,737] - INFO - 队列为空,等待队列添加...
[2015-04-10 16:44:06,219] - INFO - 函数: doJob 参数: {'strr': 'test', 'id': 19}, 任务处理线程ID: 3 任务完成
[2015-04-10 16:44:06,254] - INFO - 队列为空,等待队列添加...
[2015-04-10 16:44:06,770] - INFO - 队列为空,等待队列添加...
[2015-04-10 16:44:07,286] - INFO - 队列为空,等待队列添加...
[2015-04-10 16:44:07,802] - INFO - 队列为空,等待队列添加...
[2015-04-10 16:44:08,319] - INFO - 队列为空,等待队列添加...
[2015-04-10 16:44:08,833] - INFO - 队列为空,等待队列添加...
[2015-04-10 16:44:09,344] - INFO - 队列为空,等待队列添加...
[2015-04-10 16:44:09,859] - INFO - 队列为空,等待队列添加...
[2015-04-10 16:44:10,375] - INFO - 队列为空,等待队列添加...
[2015-04-10 16:44:10,888] - INFO - 队列为空,等待队列添加...
[2015-04-10 16:44:11,404] - INFO - 队列为空,等待队列添加...
[2015-04-10 16:44:11,919] - INFO - 队列为空,等待队列添加...
[2015-04-10 16:44:12,434] - INFO - 队列为空,等待队列添加...
[2015-04-10 16:44:12,770] - INFO - 触发线程停止信号(1/2).
[2015-04-10 16:44:12,781] - INFO - 手动停止任务队列.
[2015-04-10 16:44:12,781] - INFO - 线程ID: 0 接受线程停止信号(2/2).
[2015-04-10 16:44:12,781] - INFO - 线程ID: 1 接受线程停止信号(2/2).
[2015-04-10 16:44:12,781] - INFO - 线程ID: 2 接受线程停止信号(2/2).
[2015-04-10 16:44:12,782] - INFO - 线程ID: 3 接受线程停止信号(2/2).
[2015-04-10 16:44:12,782] - INFO - 线程ID: 4 接受线程停止信号(2/2).
[2015-04-10 16:44:12,782] - INFO - 任务队列完成.
[2015-04-10 16:46:23,974] - DEBUG - 线程池类初始化完成
[2015-04-10 16:46:23,974] - DEBUG - 生产者初始化完成
[2015-04-10 16:46:23,975] - DEBUG - 主函数生产者灌入等待2S
[2015-04-10 16:46:24,026] - INFO - 任务队列添加: doJob 参数: {'strr': 'test', 'id': 0}
[2015-04-10 16:46:24,080] - INFO - 任务队列添加: doJob 参数: {'strr': 'test', 'id': 1}
[2015-04-10 16:46:24,135] - INFO - 任务队列添加: doJob 参数: {'strr': 'test', 'id': 2}
[2015-04-10 16:46:24,188] - INFO - 任务队列添加: doJob 参数: {'strr': 'test', 'id': 3}
[2015-04-10 16:46:24,238] - INFO - 任务队列添加: doJob 参数: {'strr': 'test', 'id': 4}
[2015-04-10 16:46:24,292] - INFO - 任务队列添加: doJob 参数: {'strr': 'test', 'id': 5}
[2015-04-10 16:46:24,343] - INFO - 任务队列添加: doJob 参数: {'strr': 'test', 'id': 6}
[2015-04-10 16:46:24,396] - INFO - 任务队列添加: doJob 参数: {'strr': 'test', 'id': 7}
[2015-04-10 16:46:24,449] - INFO - 任务队列添加: doJob 参数: {'strr': 'test', 'id': 8}
[2015-04-10 16:46:24,501] - INFO - 任务队列添加: doJob 参数: {'strr': 'test', 'id': 9}
[2015-04-10 16:46:24,552] - INFO - 任务队列添加: doJob 参数: {'strr': 'test', 'id': 10}
[2015-04-10 16:46:24,605] - INFO - 任务队列添加: doJob 参数: {'strr': 'test', 'id': 11}
[2015-04-10 16:46:24,656] - INFO - 任务队列添加: doJob 参数: {'strr': 'test', 'id': 12}
[2015-04-10 16:46:24,710] - INFO - 任务队列添加: doJob 参数: {'strr': 'test', 'id': 13}
[2015-04-10 16:46:24,765] - INFO - 任务队列添加: doJob 参数: {'strr': 'test', 'id': 14}
[2015-04-10 16:46:24,819] - INFO - 任务队列添加: doJob 参数: {'strr': 'test', 'id': 15}
[2015-04-10 16:46:24,873] - INFO - 任务队列添加: doJob 参数: {'strr': 'test', 'id': 16}
[2015-04-10 16:46:24,924] - INFO - 任务队列添加: doJob 参数: {'strr': 'test', 'id': 17}
[2015-04-10 16:46:24,977] - INFO - 任务队列添加: doJob 参数: {'strr': 'test', 'id': 18}
[2015-04-10 16:46:24,978] - INFO - 任务数量: 18
[2015-04-10 16:46:24,989] - DEBUG - 线程ID: 0 初始化完成
[2015-04-10 16:46:25,001] - INFO - 函数: doJob 参数: {'strr': 'test', 'id': 18}, 现在任务处理线程ID: 0
[2015-04-10 16:46:25,002] - DEBUG - 线程ID: 1 初始化完成
[2015-04-10 16:46:25,013] - INFO - 函数: doJob 参数: {'strr': 'test', 'id': 18}, 现在任务处理线程ID: 1
[2015-04-10 16:46:25,013] - DEBUG - 线程ID: 2 初始化完成
[2015-04-10 16:46:25,024] - DEBUG - 线程ID: 3 初始化完成
[2015-04-10 16:46:25,025] - INFO - 函数: doJob 参数: {'strr': 'test', 'id': 18}, 现在任务处理线程ID: 2
[2015-04-10 16:46:25,031] - INFO - 任务队列添加: doJob 参数: {'strr': 'test', 'id': 19}
[2015-04-10 16:46:25,031] - DEBUG - 生产者队列长度暂时为: 17
[2015-04-10 16:46:25,036] - DEBUG - 线程ID: 4 初始化完成
[2015-04-10 16:46:25,036] - INFO - 函数: doJob 参数: {'strr': 'test', 'id': 19}, 现在任务处理线程ID: 3
[2015-04-10 16:46:25,047] - INFO - 函数: doJob 参数: {'strr': 'test', 'id': 19}, 现在任务处理线程ID: 4
[2015-04-10 16:46:25,048] - INFO - 队列不为空,线程资源耗尽等待运行线程执行完毕
[2015-04-10 16:46:25,565] - INFO - 队列不为空,线程资源耗尽等待运行线程执行完毕
[2015-04-10 16:46:26,080] - INFO - 队列不为空,线程资源耗尽等待运行线程执行完毕
[2015-04-10 16:46:26,597] - INFO - 队列不为空,线程资源耗尽等待运行线程执行完毕
[2015-04-10 16:46:26,598] - INFO - 函数: doJob 参数: {'strr': 'test', 'id': 19}, 任务处理线程ID: 1 任务完成
[2015-04-10 16:46:26,611] - INFO - 函数: doJob 参数: {'strr': 'test', 'id': 19}, 现在任务处理线程ID: 1
[2015-04-10 16:46:27,112] - INFO - 队列不为空,线程资源耗尽等待运行线程执行完毕
[2015-04-10 16:46:27,195] - INFO - 函数: doJob 参数: {'strr': 'test', 'id': 19}, 任务处理线程ID: 0 任务完成
[2015-04-10 16:46:27,207] - INFO - 函数: doJob 参数: {'strr': 'test', 'id': 19}, 现在任务处理线程ID: 0
[2015-04-10 16:46:27,628] - INFO - 队列不为空,线程资源耗尽等待运行线程执行完毕
[2015-04-10 16:46:28,139] - INFO - 队列不为空,线程资源耗尽等待运行线程执行完毕
[2015-04-10 16:46:28,652] - INFO - 队列不为空,线程资源耗尽等待运行线程执行完毕
[2015-04-10 16:46:28,919] - INFO - 函数: doJob 参数: {'strr': 'test', 'id': 19}, 任务处理线程ID: 4 任务完成
[2015-04-10 16:46:28,929] - INFO - 函数: doJob 参数: {'strr': 'test', 'id': 19}, 现在任务处理线程ID: 4
[2015-04-10 16:46:29,167] - INFO - 队列不为空,线程资源耗尽等待运行线程执行完毕
[2015-04-10 16:46:29,226] - INFO - 函数: doJob 参数: {'strr': 'test', 'id': 19}, 任务处理线程ID: 2 任务完成
[2015-04-10 16:46:29,238] - INFO - 函数: doJob 参数: {'strr': 'test', 'id': 19}, 现在任务处理线程ID: 2
[2015-04-10 16:46:29,682] - INFO - 队列不为空,线程资源耗尽等待运行线程执行完毕
[2015-04-10 16:46:29,900] - INFO - 函数: doJob 参数: {'strr': 'test', 'id': 19}, 任务处理线程ID: 3 任务完成
[2015-04-10 16:46:29,911] - INFO - 函数: doJob 参数: {'strr': 'test', 'id': 19}, 现在任务处理线程ID: 3
[2015-04-10 16:46:30,123] - INFO - 函数: doJob 参数: {'strr': 'test', 'id': 19}, 任务处理线程ID: 1 任务完成
[2015-04-10 16:46:30,134] - INFO - 函数: doJob 参数: {'strr': 'test', 'id': 19}, 现在任务处理线程ID: 1
[2015-04-10 16:46:30,200] - INFO - 队列不为空,线程资源耗尽等待运行线程执行完毕
[2015-04-10 16:46:30,470] - INFO - 函数: doJob 参数: {'strr': 'test', 'id': 19}, 任务处理线程ID: 2 任务完成
[2015-04-10 16:46:30,482] - INFO - 函数: doJob 参数: {'strr': 'test', 'id': 19}, 现在任务处理线程ID: 2
[2015-04-10 16:46:30,712] - INFO - 队列不为空,线程资源耗尽等待运行线程执行完毕
[2015-04-10 16:46:31,228] - INFO - 队列不为空,线程资源耗尽等待运行线程执行完毕
[2015-04-10 16:46:31,746] - INFO - 队列不为空,线程资源耗尽等待运行线程执行完毕
[2015-04-10 16:46:31,769] - INFO - 函数: doJob 参数: {'strr': 'test', 'id': 19}, 任务处理线程ID: 0 任务完成
[2015-04-10 16:46:31,781] - INFO - 函数: doJob 参数: {'strr': 'test', 'id': 19}, 现在任务处理线程ID: 0
[2015-04-10 16:46:32,259] - INFO - 队列不为空,线程资源耗尽等待运行线程执行完毕
[2015-04-10 16:46:32,674] - INFO - 函数: doJob 参数: {'strr': 'test', 'id': 19}, 任务处理线程ID: 4 任务完成
[2015-04-10 16:46:32,685] - INFO - 函数: doJob 参数: {'strr': 'test', 'id': 19}, 现在任务处理线程ID: 4
[2015-04-10 16:46:32,773] - INFO - 队列不为空,线程资源耗尽等待运行线程执行完毕
[2015-04-10 16:46:33,218] - INFO - 函数: doJob 参数: {'strr': 'test', 'id': 19}, 任务处理线程ID: 3 任务完成
[2015-04-10 16:46:33,231] - INFO - 函数: doJob 参数: {'strr': 'test', 'id': 19}, 现在任务处理线程ID: 3
[2015-04-10 16:46:33,290] - INFO - 队列不为空,线程资源耗尽等待运行线程执行完毕
[2015-04-10 16:46:33,805] - INFO - 队列不为空,线程资源耗尽等待运行线程执行完毕
[2015-04-10 16:46:33,948] - INFO - 函数: doJob 参数: {'strr': 'test', 'id': 19}, 任务处理线程ID: 0 任务完成
[2015-04-10 16:46:33,959] - INFO - 函数: doJob 参数: {'strr': 'test', 'id': 19}, 现在任务处理线程ID: 0
[2015-04-10 16:46:34,322] - INFO - 队列不为空,线程资源耗尽等待运行线程执行完毕
[2015-04-10 16:46:34,347] - INFO - 函数: doJob 参数: {'strr': 'test', 'id': 19}, 任务处理线程ID: 2 任务完成
[2015-04-10 16:46:34,357] - INFO - 函数: doJob 参数: {'strr': 'test', 'id': 19}, 现在任务处理线程ID: 2
[2015-04-10 16:46:34,578] - INFO - 函数: doJob 参数: {'strr': 'test', 'id': 19}, 任务处理线程ID: 1 任务完成
[2015-04-10 16:46:34,589] - INFO - 函数: doJob 参数: {'strr': 'test', 'id': 19}, 现在任务处理线程ID: 1
[2015-04-10 16:46:34,834] - INFO - 队列不为空,线程资源耗尽等待运行线程执行完毕
[2015-04-10 16:46:35,347] - INFO - 队列不为空,线程资源耗尽等待运行线程执行完毕
[2015-04-10 16:46:35,865] - INFO - 队列不为空,线程资源耗尽等待运行线程执行完毕
[2015-04-10 16:46:36,111] - INFO - 函数: doJob 参数: {'strr': 'test', 'id': 19}, 任务处理线程ID: 3 任务完成
[2015-04-10 16:46:36,123] - INFO - 函数: doJob 参数: {'strr': 'test', 'id': 19}, 现在任务处理线程ID: 3
[2015-04-10 16:46:36,381] - INFO - 队列不为空,线程资源耗尽等待运行线程执行完毕
[2015-04-10 16:46:36,827] - INFO - 函数: doJob 参数: {'strr': 'test', 'id': 19}, 任务处理线程ID: 0 任务完成
[2015-04-10 16:46:36,839] - INFO - 函数: doJob 参数: {'strr': 'test', 'id': 19}, 现在任务处理线程ID: 0
[2015-04-10 16:46:36,897] - INFO - 队列为空,等待队列添加...
[2015-04-10 16:46:36,993] - INFO - 函数: doJob 参数: {'strr': 'test', 'id': 19}, 任务处理线程ID: 4 任务完成
[2015-04-10 16:46:37,213] - INFO - 函数: doJob 参数: {'strr': 'test', 'id': 19}, 任务处理线程ID: 2 任务完成
[2015-04-10 16:46:37,412] - INFO - 队列为空,等待队列添加...
[2015-04-10 16:46:37,924] - INFO - 队列为空,等待队列添加...
[2015-04-10 16:46:38,442] - INFO - 队列为空,等待队列添加...
[2015-04-10 16:46:38,955] - INFO - 队列为空,等待队列添加...
[2015-04-10 16:46:39,156] - INFO - 函数: doJob 参数: {'strr': 'test', 'id': 19}, 任务处理线程ID: 1 任务完成
[2015-04-10 16:46:39,295] - INFO - 触发线程停止信号(1/2).
[2015-04-10 16:46:39,308] - INFO - 手动停止任务队列.
[2015-04-10 16:46:39,308] - INFO - 线程ID: 0 接受线程停止信号(2/2).
[2015-04-10 16:46:39,308] - INFO - 线程ID: 1 接受线程停止信号(2/2).
[2015-04-10 16:46:39,309] - INFO - 线程ID: 2 接受线程停止信号(2/2).
[2015-04-10 16:46:39,309] - INFO - 线程ID: 3 接受线程停止信号(2/2).
[2015-04-10 16:46:39,309] - INFO - 线程ID: 4 接受线程停止信号(2/2).
[2015-04-10 16:46:40,243] - INFO - 函数: doJob 参数: {'strr': 'test', 'id': 19}, 任务处理线程ID: 3 任务完成
[2015-04-10 16:46:40,766] - INFO - 函数: doJob 参数: {'strr': 'test', 'id': 19}, 任务处理线程ID: 0 任务完成
[2015-04-10 16:46:40,777] - INFO - 任务队列完成.
